<?xml version="1.0" encoding="UTF-8"?>
<testng-results skipped="0" failed="0" total="2" passed="2">
  <reporter-output>
  </reporter-output>
  <suite name="Default suite" duration-ms="44845" started-at="2017-08-07T12:25:18Z" finished-at="2017-08-07T12:26:03Z">
    <groups>
    </groups>
    <test name="Default test" duration-ms="44845" started-at="2017-08-07T12:25:18Z" finished-at="2017-08-07T12:26:03Z">
      <class name="com.qspiders.testcases.LoginTest">
        <test-method status="PASS" signature="setUp(java.lang.reflect.Method)[pri:0, instance:com.qspiders.testcases.LoginTest@55b53d44]" name="setUp" is-config="true" duration-ms="15992" started-at="2017-08-07T17:55:18Z" finished-at="2017-08-07T17:55:34Z">
          <params>
            <param index="0">
              <value>
                <![CDATA[public void com.qspiders.testcases.LoginTest.invalidLogin() throws java.lang.InterruptedException]]>
              </value>
            </param>
          </params>
          <reporter-output>
          </reporter-output>
        </test-method> <!-- setUp -->
        <test-method status="PASS" signature="invalidLogin()[pri:1, instance:com.qspiders.testcases.LoginTest@55b53d44]" name="invalidLogin" duration-ms="7742" started-at="2017-08-07T17:55:34Z" finished-at="2017-08-07T17:55:42Z">
          <reporter-output>
          </reporter-output>
        </test-method> <!-- invalidLogin -->
        <test-method status="PASS" signature="validLoginTest()[pri:2, instance:com.qspiders.testcases.LoginTest@55b53d44]" name="validLoginTest" duration-ms="12553" started-at="2017-08-07T17:55:42Z" finished-at="2017-08-07T17:55:54Z">
          <reporter-output>
          </reporter-output>
        </test-method> <!-- validLoginTest -->
        <test-method status="PASS" signature="setUp(java.lang.reflect.Method)[pri:0, instance:com.qspiders.testcases.LoginTest@55b53d44]" name="setUp" is-config="true" duration-ms="0" started-at="2017-08-07T17:55:42Z" finished-at="2017-08-07T17:55:42Z">
          <params>
            <param index="0">
              <value>
                <![CDATA[public void com.qspiders.testcases.LoginTest.validLoginTest() throws java.lang.InterruptedException]]>
              </value>
            </param>
          </params>
          <reporter-output>
          </reporter-output>
        </test-method> <!-- setUp -->
        <test-method status="PASS" signature="teardown()[pri:0, instance:com.qspiders.testcases.LoginTest@55b53d44]" name="teardown" is-config="true" duration-ms="8519" started-at="2017-08-07T17:55:54Z" finished-at="2017-08-07T17:56:03Z">
          <reporter-output>
          </reporter-output>
        </test-method> <!-- teardown -->
      </class> <!-- com.qspiders.testcases.LoginTest -->
    </test> <!-- Default test -->
  </suite> <!-- Default suite -->
</testng-results>
