<?xml version="1.0" encoding="UTF-8"?>
<!-- Generated by org.testng.reporters.JUnitXMLReporter -->
<testsuite hostname="TYSS-MF-042" ignored="0" name="Test" tests="2" failures="0" timestamp="07 Aug 2017 11:00:54 GMT" time="0.09" errors="0">
  <testcase name="@BeforeTest setUp" time="0.014" classname="com.qspiders.base.TestBase">
    <failure type="java.lang.IllegalArgumentException" message="wrong number of arguments">
      <![CDATA[java.lang.IllegalArgumentException: wrong number of arguments
... Removed 23 stack frames]]>
    </failure>
  </testcase> <!-- @BeforeTest setUp -->
  <testcase name="@AfterTest teardown" time="0.0" classname="com.qspiders.base.TestBase">
    <skipped/>
  </testcase> <!-- @AfterTest teardown -->
  <testcase name="invalidLogin" time="0.0" classname="com.qspiders.testcases.LoginTest">
    <skipped/>
  </testcase> <!-- invalidLogin -->
  <testcase name="validLoginTest" time="0.0" classname="com.qspiders.testcases.LoginTest">
    <skipped/>
  </testcase> <!-- validLoginTest -->
</testsuite> <!-- Test -->
